<?xml version="1.0" encoding="UTF-8"?>
<!-- Generated by org.testng.reporters.JUnitReportReporter -->
<testsuite skipped="0" hostname="DESKTOP-N2ILFAN" name="Demobank.testcases.TC_LoginTest_001" tests="1" failures="0" timestamp="31 Jan 2020 06:37:20 GMT" time="8.707" errors="0">
  <testcase name="LoginTest" time="8.707" classname="Demobank.testcases.TC_LoginTest_001"/>
</testsuite> <!-- Demobank.testcases.TC_LoginTest_001 -->
