<?xml version="1.0" encoding="UTF-8"?>
<!-- Generated by org.testng.reporters.JUnitReportReporter -->
<testsuite skipped="1" hostname="DESKTOP-N2ILFAN" name="Demobank.testcases.TC_LoginDDT_002" tests="1" failures="0" timestamp="03 Feb 2020 11:02:41 GMT" time="0.000" errors="0">
  <testcase name="LoginDDT" time="0.000" classname="Demobank.testcases.TC_LoginDDT_002">
    <skipped/>
  </testcase> <!-- LoginDDT -->
</testsuite> <!-- Demobank.testcases.TC_LoginDDT_002 -->
