<?xml version="1.0" encoding="UTF-8"?>
<!-- Generated by org.testng.reporters.JUnitReportReporter -->
<testsuite hostname="DESKTOP-N2ILFAN" failures="0" tests="1" name="Demobank.testcases.TC_LoginTest_001" time="11.992" errors="0" timestamp="03 Feb 2020 10:15:56 GMT" skipped="0">
  <testcase classname="Demobank.testcases.TC_LoginTest_001" name="LoginTest" time="11.992"/>
</testsuite> <!-- Demobank.testcases.TC_LoginTest_001 -->
